c:\users\81809\source\repos\dxlib_sample\x64\debug\vc143.pdb
c:\users\81809\source\repos\dxlib_sample\x64\debug\vc143.idb
c:\users\81809\source\repos\dxlib_sample\x64\debug\title.obj
c:\users\81809\source\repos\dxlib_sample\x64\debug\game_object.obj
c:\users\81809\source\repos\dxlib_sample\x64\debug\scene.obj
c:\users\81809\source\repos\dxlib_sample\x64\debug\result.obj
c:\users\81809\source\repos\dxlib_sample\x64\debug\play.obj
c:\users\81809\source\repos\dxlib_sample\x64\debug\key.obj
c:\users\81809\source\repos\dxlib_sample\x64\debug\game.obj
c:\users\81809\source\repos\dxlib_sample\x64\debug\vector2.obj
c:\users\81809\source\repos\dxlib_sample\x64\debug\container.obj
c:\users\81809\source\repos\dxlib_sample\x64\debug\main.obj
c:\users\81809\source\repos\dxlib_sample\x64\debug\dxlib_sample.ilk
c:\users\81809\source\repos\dxlib_sample\x64\debug\dxlib_sample.exe
c:\users\81809\source\repos\dxlib_sample\x64\debug\dxlib_sample.pdb
c:\users\81809\source\repos\dxlib_sample\x64\debug\dxlib_sample.tlog\cl.command.1.tlog
c:\users\81809\source\repos\dxlib_sample\x64\debug\dxlib_sample.tlog\cl.read.1.tlog
c:\users\81809\source\repos\dxlib_sample\x64\debug\dxlib_sample.tlog\cl.write.1.tlog
c:\users\81809\source\repos\dxlib_sample\x64\debug\dxlib_sample.tlog\link.command.1.tlog
c:\users\81809\source\repos\dxlib_sample\x64\debug\dxlib_sample.tlog\link.read.1.tlog
c:\users\81809\source\repos\dxlib_sample\x64\debug\dxlib_sample.tlog\link.write.1.tlog
